<?xml version="1.0" encoding="UTF-8"?>
<!-- Generated by org.testng.reporters.JUnitReportReporter -->
<testsuite skipped="0" hostname="KiranS-435" name="testcases.Login" tests="1" failures="0" timestamp="2020-11-17T23:43:10 IST" time="20.072" errors="0">
  <testcase name="Login_Creds" time="20.072" classname="testcases.Login"/>
  <system-out/>
</testsuite> <!-- testcases.Login -->
